Logging to: /tmp/py-libp2p_20251027_002948_113004_122e9451.log
2025-10-27 00:29:48,114 - libp2p.perf - INFO - Starting perf.py main function...
2025-10-27 00:29:48,114 - libp2p.perf - INFO - Parsing arguments...
2025-10-27 00:29:48,115 - libp2p.perf - INFO - Parsed arguments: Namespace(run_server=True, server_address='', transport='tcp', upload_bytes=0, download_bytes=0)
2025-10-27 00:29:48,115 - libp2p.perf - INFO - Creating PerfTest instance...
2025-10-27 00:29:48,115 - libp2p.perf - INFO - Initializing PerfTest...
2025-10-27 00:29:48,115 - libp2p.perf - INFO - PerfTest initialized successfully
2025-10-27 00:29:48,115 - libp2p.perf - INFO - PerfTest instance created
2025-10-27 00:29:48,115 - libp2p.perf - INFO - Starting perf server
2025-10-27 00:29:48,115 - libp2p.perf - INFO - Creating security options...
2025-10-27 00:29:48,116 - libp2p.perf - INFO - Creating muxer options...
2025-10-27 00:29:48,116 - libp2p.perf - INFO - Getting available interfaces for port 4001...
2025-10-27 00:29:48,119 - libp2p.perf - INFO - Using listen addresses: [<Multiaddr /ip4/172.17.0.41/tcp/4001>, <Multiaddr /ip4/127.0.0.1/tcp/4001>]
2025-10-27 00:29:48,119 - libp2p.perf - INFO - Creating host...
2025-10-27 00:29:48,121 - libp2p.perf - INFO - Host created successfully
2025-10-27 00:29:48,121 - libp2p.perf - INFO - Creating PerfService...
2025-10-27 00:29:48,121 - libp2p.perf - INFO - PerfService created successfully
2025-10-27 00:29:48,121 - libp2p.perf - INFO - Starting host with listen addresses...
2025-10-27 00:29:48,121 - libp2p.perf - INFO - About to call host.run()...
2025-10-27 00:29:48,122 - libp2p.perf - INFO - ✓ host.run() context entered successfully!
2025-10-27 00:29:48,122 - libp2p.perf - INFO - Server listening on 2 addresses:
2025-10-27 00:29:48,122 - libp2p.perf - INFO -   /ip4/172.17.0.41/tcp/4001/p2p/16Uiu2HAmTRtKf1bk71cFL4WChE4XGjS33xJTJ1gDYXRwjmsLu7EE/p2p/16Uiu2HAmTRtKf1bk71cFL4WChE4XGjS33xJTJ1gDYXRwjmsLu7EE
2025-10-27 00:29:48,122 - libp2p.perf - INFO -   /ip4/127.0.0.1/tcp/4001/p2p/16Uiu2HAmTRtKf1bk71cFL4WChE4XGjS33xJTJ1gDYXRwjmsLu7EE/p2p/16Uiu2HAmTRtKf1bk71cFL4WChE4XGjS33xJTJ1gDYXRwjmsLu7EE
2025-10-27 00:29:48,122 - libp2p.perf - INFO - Server running, waiting for connections...
